<?xml version="1.0" encoding="UTF-8"?>
<!-- Generated by org.testng.reporters.JUnitXMLReporter -->
<testsuite ignored="0" hostname="ViswaPraveena" failures="0" tests="3" name="Default test" time="0.1" errors="0" timestamp="2022-12-08T12:10:43 IST">
  <testcase classname="Demo.TestNGQAFOX.DataProvider1" name="LoginTest" time="0.01"/>
  <testcase classname="Demo.TestNGQAFOX.DataProvider1" name="LoginTest" time="0.008"/>
  <testcase classname="Demo.TestNGQAFOX.DataProvider1" name="LoginTest" time="0.009"/>
</testsuite> <!-- Default test -->
