<?xml version="1.0" encoding="UTF-8"?>
<testng-results ignored="0" total="3" passed="3" failed="0" skipped="0">
  <reporter-output>
  </reporter-output>
  <suite started-at="2022-12-08T12:10:43 IST" name="Default suite" finished-at="2022-12-08T12:10:43 IST" duration-ms="100">
    <groups>
    </groups>
    <test started-at="2022-12-08T12:10:43 IST" name="Default test" finished-at="2022-12-08T12:10:43 IST" duration-ms="100">
      <class name="Demo.TestNGQAFOX.DataProvider1">
        <test-method signature="LoginTest(java.lang.String,java.lang.String)[pri:0, instance:Demo.TestNGQAFOX.DataProvider1@43195e57]" started-at="2022-12-08T12:10:43 IST" name="LoginTest" data-provider="getData" finished-at="2022-12-08T12:10:43 IST" duration-ms="10" status="PASS">
          <params>
            <param index="0">
              <value>
                <![CDATA[Viswa]]>
              </value>
            </param>
            <param index="1">
              <value>
                <![CDATA[123]]>
              </value>
            </param>
          </params>
          <reporter-output>
          </reporter-output>
        </test-method> <!-- LoginTest -->
        <test-method signature="LoginTest(java.lang.String,java.lang.String)[pri:0, instance:Demo.TestNGQAFOX.DataProvider1@43195e57]" started-at="2022-12-08T12:10:43 IST" name="LoginTest" data-provider="getData" finished-at="2022-12-08T12:10:43 IST" duration-ms="8" status="PASS">
          <params>
            <param index="0">
              <value>
                <![CDATA[Vinod]]>
              </value>
            </param>
            <param index="1">
              <value>
                <![CDATA[22]]>
              </value>
            </param>
          </params>
          <reporter-output>
          </reporter-output>
        </test-method> <!-- LoginTest -->
        <test-method signature="LoginTest(java.lang.String,java.lang.String)[pri:0, instance:Demo.TestNGQAFOX.DataProvider1@43195e57]" started-at="2022-12-08T12:10:43 IST" name="LoginTest" data-provider="getData" finished-at="2022-12-08T12:10:43 IST" duration-ms="9" status="PASS">
          <params>
            <param index="0">
              <value>
                <![CDATA[Viss]]>
              </value>
            </param>
            <param index="1">
              <value>
                <![CDATA[MO]]>
              </value>
            </param>
          </params>
          <reporter-output>
          </reporter-output>
        </test-method> <!-- LoginTest -->
      </class> <!-- Demo.TestNGQAFOX.DataProvider1 -->
    </test> <!-- Default test -->
  </suite> <!-- Default suite -->
</testng-results>
